  
  Microsoft (R) Program Maintenance Utility Version 14.37.32824.0
  Copyright (C) Microsoft Corporation.  All rights reserved.
  
  
  Microsoft (R) Program Maintenance Utility Version 14.37.32824.0
  Copyright (C) Microsoft Corporation.  All rights reserved.
  
  	cl /c /GS- /std:c++17 /Fo"x64\Release\LocklessDownload.obj" LocklessDownload.cpp
  Microsoft (R) C/C++ Optimizing Compiler Version 19.37.32824 for x64
  Copyright (C) Microsoft Corporation.  All rights reserved.
  
  LocklessDownload.cpp
C:\Program Files (x86)\Windows Kits\10\Include\10.0.22621.0\shared\ntstatus.h(66): warning C4005: 'STATUS_WAIT_0': macro redefinition
  C:\Program Files (x86)\Windows Kits\10\Include\10.0.22621.0\um\winnt.h(2549): note: see previous definition of 'STATUS_WAIT_0'
C:\Program Files (x86)\Windows Kits\10\Include\10.0.22621.0\shared\ntstatus.h(223): warning C4005: 'STATUS_ABANDONED_WAIT_0': macro redefinition
  C:\Program Files (x86)\Windows Kits\10\Include\10.0.22621.0\um\winnt.h(2550): note: see previous definition of 'STATUS_ABANDONED_WAIT_0'
C:\Program Files (x86)\Windows Kits\10\Include\10.0.22621.0\shared\ntstatus.h(246): warning C4005: 'STATUS_USER_APC': macro redefinition
  C:\Program Files (x86)\Windows Kits\10\Include\10.0.22621.0\um\winnt.h(2551): note: see previous definition of 'STATUS_USER_APC'
C:\Program Files (x86)\Windows Kits\10\Include\10.0.22621.0\shared\ntstatus.h(282): warning C4005: 'STATUS_TIMEOUT': macro redefinition
  C:\Program Files (x86)\Windows Kits\10\Include\10.0.22621.0\um\winnt.h(2552): note: see previous definition of 'STATUS_TIMEOUT'
C:\Program Files (x86)\Windows Kits\10\Include\10.0.22621.0\shared\ntstatus.h(291): warning C4005: 'STATUS_PENDING': macro redefinition
  C:\Program Files (x86)\Windows Kits\10\Include\10.0.22621.0\um\winnt.h(2553): note: see previous definition of 'STATUS_PENDING'
C:\Program Files (x86)\Windows Kits\10\Include\10.0.22621.0\shared\ntstatus.h(747): warning C4005: 'DBG_EXCEPTION_HANDLED': macro redefinition
  C:\Program Files (x86)\Windows Kits\10\Include\10.0.22621.0\um\winnt.h(2554): note: see previous definition of 'DBG_EXCEPTION_HANDLED'
C:\Program Files (x86)\Windows Kits\10\Include\10.0.22621.0\shared\ntstatus.h(756): warning C4005: 'DBG_CONTINUE': macro redefinition
  C:\Program Files (x86)\Windows Kits\10\Include\10.0.22621.0\um\winnt.h(2555): note: see previous definition of 'DBG_CONTINUE'
C:\Program Files (x86)\Windows Kits\10\Include\10.0.22621.0\shared\ntstatus.h(831): warning C4005: 'STATUS_SEGMENT_NOTIFICATION': macro redefinition
  C:\Program Files (x86)\Windows Kits\10\Include\10.0.22621.0\um\winnt.h(2556): note: see previous definition of 'STATUS_SEGMENT_NOTIFICATION'
C:\Program Files (x86)\Windows Kits\10\Include\10.0.22621.0\shared\ntstatus.h(994): warning C4005: 'STATUS_FATAL_APP_EXIT': macro redefinition
  C:\Program Files (x86)\Windows Kits\10\Include\10.0.22621.0\um\winnt.h(2557): note: see previous definition of 'STATUS_FATAL_APP_EXIT'
C:\Program Files (x86)\Windows Kits\10\Include\10.0.22621.0\shared\ntstatus.h(1332): warning C4005: 'DBG_REPLY_LATER': macro redefinition
  C:\Program Files (x86)\Windows Kits\10\Include\10.0.22621.0\um\winnt.h(2558): note: see previous definition of 'DBG_REPLY_LATER'
C:\Program Files (x86)\Windows Kits\10\Include\10.0.22621.0\shared\ntstatus.h(1350): warning C4005: 'DBG_TERMINATE_THREAD': macro redefinition
  C:\Program Files (x86)\Windows Kits\10\Include\10.0.22621.0\um\winnt.h(2559): note: see previous definition of 'DBG_TERMINATE_THREAD'
C:\Program Files (x86)\Windows Kits\10\Include\10.0.22621.0\shared\ntstatus.h(1359): warning C4005: 'DBG_TERMINATE_PROCESS': macro redefinition
  C:\Program Files (x86)\Windows Kits\10\Include\10.0.22621.0\um\winnt.h(2560): note: see previous definition of 'DBG_TERMINATE_PROCESS'
C:\Program Files (x86)\Windows Kits\10\Include\10.0.22621.0\shared\ntstatus.h(1368): warning C4005: 'DBG_CONTROL_C': macro redefinition
  C:\Program Files (x86)\Windows Kits\10\Include\10.0.22621.0\um\winnt.h(2561): note: see previous definition of 'DBG_CONTROL_C'
C:\Program Files (x86)\Windows Kits\10\Include\10.0.22621.0\shared\ntstatus.h(1377): warning C4005: 'DBG_PRINTEXCEPTION_C': macro redefinition
  C:\Program Files (x86)\Windows Kits\10\Include\10.0.22621.0\um\winnt.h(2562): note: see previous definition of 'DBG_PRINTEXCEPTION_C'
C:\Program Files (x86)\Windows Kits\10\Include\10.0.22621.0\shared\ntstatus.h(1386): warning C4005: 'DBG_RIPEXCEPTION': macro redefinition
  C:\Program Files (x86)\Windows Kits\10\Include\10.0.22621.0\um\winnt.h(2563): note: see previous definition of 'DBG_RIPEXCEPTION'
C:\Program Files (x86)\Windows Kits\10\Include\10.0.22621.0\shared\ntstatus.h(1395): warning C4005: 'DBG_CONTROL_BREAK': macro redefinition
  C:\Program Files (x86)\Windows Kits\10\Include\10.0.22621.0\um\winnt.h(2564): note: see previous definition of 'DBG_CONTROL_BREAK'
C:\Program Files (x86)\Windows Kits\10\Include\10.0.22621.0\shared\ntstatus.h(1404): warning C4005: 'DBG_COMMAND_EXCEPTION': macro redefinition
  C:\Program Files (x86)\Windows Kits\10\Include\10.0.22621.0\um\winnt.h(2565): note: see previous definition of 'DBG_COMMAND_EXCEPTION'
C:\Program Files (x86)\Windows Kits\10\Include\10.0.22621.0\shared\ntstatus.h(1413): warning C4005: 'DBG_PRINTEXCEPTION_WIDE_C': macro redefinition
  C:\Program Files (x86)\Windows Kits\10\Include\10.0.22621.0\um\winnt.h(2566): note: see previous definition of 'DBG_PRINTEXCEPTION_WIDE_C'
C:\Program Files (x86)\Windows Kits\10\Include\10.0.22621.0\shared\ntstatus.h(1445): warning C4005: 'STATUS_GUARD_PAGE_VIOLATION': macro redefinition
  C:\Program Files (x86)\Windows Kits\10\Include\10.0.22621.0\um\winnt.h(2567): note: see previous definition of 'STATUS_GUARD_PAGE_VIOLATION'
C:\Program Files (x86)\Windows Kits\10\Include\10.0.22621.0\shared\ntstatus.h(1456): warning C4005: 'STATUS_DATATYPE_MISALIGNMENT': macro redefinition
  C:\Program Files (x86)\Windows Kits\10\Include\10.0.22621.0\um\winnt.h(2568): note: see previous definition of 'STATUS_DATATYPE_MISALIGNMENT'
C:\Program Files (x86)\Windows Kits\10\Include\10.0.22621.0\shared\ntstatus.h(1467): warning C4005: 'STATUS_BREAKPOINT': macro redefinition
  C:\Program Files (x86)\Windows Kits\10\Include\10.0.22621.0\um\winnt.h(2569): note: see previous definition of 'STATUS_BREAKPOINT'
C:\Program Files (x86)\Windows Kits\10\Include\10.0.22621.0\shared\ntstatus.h(1478): warning C4005: 'STATUS_SINGLE_STEP': macro redefinition
  C:\Program Files (x86)\Windows Kits\10\Include\10.0.22621.0\um\winnt.h(2570): note: see previous definition of 'STATUS_SINGLE_STEP'
C:\Program Files (x86)\Windows Kits\10\Include\10.0.22621.0\shared\ntstatus.h(1781): warning C4005: 'STATUS_LONGJUMP': macro redefinition
  C:\Program Files (x86)\Windows Kits\10\Include\10.0.22621.0\um\winnt.h(2571): note: see previous definition of 'STATUS_LONGJUMP'
C:\Program Files (x86)\Windows Kits\10\Include\10.0.22621.0\shared\ntstatus.h(1808): warning C4005: 'STATUS_UNWIND_CONSOLIDATE': macro redefinition
  C:\Program Files (x86)\Windows Kits\10\Include\10.0.22621.0\um\winnt.h(2572): note: see previous definition of 'STATUS_UNWIND_CONSOLIDATE'
C:\Program Files (x86)\Windows Kits\10\Include\10.0.22621.0\shared\ntstatus.h(1923): warning C4005: 'DBG_EXCEPTION_NOT_HANDLED': macro redefinition
  C:\Program Files (x86)\Windows Kits\10\Include\10.0.22621.0\um\winnt.h(2573): note: see previous definition of 'DBG_EXCEPTION_NOT_HANDLED'
C:\Program Files (x86)\Windows Kits\10\Include\10.0.22621.0\shared\ntstatus.h(2090): warning C4005: 'STATUS_ACCESS_VIOLATION': macro redefinition
  C:\Program Files (x86)\Windows Kits\10\Include\10.0.22621.0\um\winnt.h(2574): note: see previous definition of 'STATUS_ACCESS_VIOLATION'
C:\Program Files (x86)\Windows Kits\10\Include\10.0.22621.0\shared\ntstatus.h(2099): warning C4005: 'STATUS_IN_PAGE_ERROR': macro redefinition
  C:\Program Files (x86)\Windows Kits\10\Include\10.0.22621.0\um\winnt.h(2575): note: see previous definition of 'STATUS_IN_PAGE_ERROR'
C:\Program Files (x86)\Windows Kits\10\Include\10.0.22621.0\shared\ntstatus.h(2117): warning C4005: 'STATUS_INVALID_HANDLE': macro redefinition
  C:\Program Files (x86)\Windows Kits\10\Include\10.0.22621.0\um\winnt.h(2576): note: see previous definition of 'STATUS_INVALID_HANDLE'
C:\Program Files (x86)\Windows Kits\10\Include\10.0.22621.0\shared\ntstatus.h(2162): warning C4005: 'STATUS_INVALID_PARAMETER': macro redefinition
  C:\Program Files (x86)\Windows Kits\10\Include\10.0.22621.0\um\winnt.h(2577): note: see previous definition of 'STATUS_INVALID_PARAMETER'
C:\Program Files (x86)\Windows Kits\10\Include\10.0.22621.0\shared\ntstatus.h(2262): warning C4005: 'STATUS_NO_MEMORY': macro redefinition
  C:\Program Files (x86)\Windows Kits\10\Include\10.0.22621.0\um\winnt.h(2578): note: see previous definition of 'STATUS_NO_MEMORY'
C:\Program Files (x86)\Windows Kits\10\Include\10.0.22621.0\shared\ntstatus.h(2319): warning C4005: 'STATUS_ILLEGAL_INSTRUCTION': macro redefinition
  C:\Program Files (x86)\Windows Kits\10\Include\10.0.22621.0\um\winnt.h(2579): note: see previous definition of 'STATUS_ILLEGAL_INSTRUCTION'
C:\Program Files (x86)\Windows Kits\10\Include\10.0.22621.0\shared\ntstatus.h(2400): warning C4005: 'STATUS_NONCONTINUABLE_EXCEPTION': macro redefinition
  C:\Program Files (x86)\Windows Kits\10\Include\10.0.22621.0\um\winnt.h(2580): note: see previous definition of 'STATUS_NONCONTINUABLE_EXCEPTION'
C:\Program Files (x86)\Windows Kits\10\Include\10.0.22621.0\shared\ntstatus.h(2409): warning C4005: 'STATUS_INVALID_DISPOSITION': macro redefinition
  C:\Program Files (x86)\Windows Kits\10\Include\10.0.22621.0\um\winnt.h(2581): note: see previous definition of 'STATUS_INVALID_DISPOSITION'
C:\Program Files (x86)\Windows Kits\10\Include\10.0.22621.0\shared\ntstatus.h(3342): warning C4005: 'STATUS_ARRAY_BOUNDS_EXCEEDED': macro redefinition
  C:\Program Files (x86)\Windows Kits\10\Include\10.0.22621.0\um\winnt.h(2582): note: see previous definition of 'STATUS_ARRAY_BOUNDS_EXCEEDED'
C:\Program Files (x86)\Windows Kits\10\Include\10.0.22621.0\shared\ntstatus.h(3352): warning C4005: 'STATUS_FLOAT_DENORMAL_OPERAND': macro redefinition
  C:\Program Files (x86)\Windows Kits\10\Include\10.0.22621.0\um\winnt.h(2583): note: see previous definition of 'STATUS_FLOAT_DENORMAL_OPERAND'
C:\Program Files (x86)\Windows Kits\10\Include\10.0.22621.0\shared\ntstatus.h(3362): warning C4005: 'STATUS_FLOAT_DIVIDE_BY_ZERO': macro redefinition
  C:\Program Files (x86)\Windows Kits\10\Include\10.0.22621.0\um\winnt.h(2584): note: see previous definition of 'STATUS_FLOAT_DIVIDE_BY_ZERO'
C:\Program Files (x86)\Windows Kits\10\Include\10.0.22621.0\shared\ntstatus.h(3372): warning C4005: 'STATUS_FLOAT_INEXACT_RESULT': macro redefinition
  C:\Program Files (x86)\Windows Kits\10\Include\10.0.22621.0\um\winnt.h(2585): note: see previous definition of 'STATUS_FLOAT_INEXACT_RESULT'
C:\Program Files (x86)\Windows Kits\10\Include\10.0.22621.0\shared\ntstatus.h(3382): warning C4005: 'STATUS_FLOAT_INVALID_OPERATION': macro redefinition
  C:\Program Files (x86)\Windows Kits\10\Include\10.0.22621.0\um\winnt.h(2586): note: see previous definition of 'STATUS_FLOAT_INVALID_OPERATION'
C:\Program Files (x86)\Windows Kits\10\Include\10.0.22621.0\shared\ntstatus.h(3392): warning C4005: 'STATUS_FLOAT_OVERFLOW': macro redefinition
  C:\Program Files (x86)\Windows Kits\10\Include\10.0.22621.0\um\winnt.h(2587): note: see previous definition of 'STATUS_FLOAT_OVERFLOW'
C:\Program Files (x86)\Windows Kits\10\Include\10.0.22621.0\shared\ntstatus.h(3402): warning C4005: 'STATUS_FLOAT_STACK_CHECK': macro redefinition
  C:\Program Files (x86)\Windows Kits\10\Include\10.0.22621.0\um\winnt.h(2588): note: see previous definition of 'STATUS_FLOAT_STACK_CHECK'
C:\Program Files (x86)\Windows Kits\10\Include\10.0.22621.0\shared\ntstatus.h(3412): warning C4005: 'STATUS_FLOAT_UNDERFLOW': macro redefinition
  C:\Program Files (x86)\Windows Kits\10\Include\10.0.22621.0\um\winnt.h(2589): note: see previous definition of 'STATUS_FLOAT_UNDERFLOW'
C:\Program Files (x86)\Windows Kits\10\Include\10.0.22621.0\shared\ntstatus.h(3422): warning C4005: 'STATUS_INTEGER_DIVIDE_BY_ZERO': macro redefinition
  C:\Program Files (x86)\Windows Kits\10\Include\10.0.22621.0\um\winnt.h(2590): note: see previous definition of 'STATUS_INTEGER_DIVIDE_BY_ZERO'
C:\Program Files (x86)\Windows Kits\10\Include\10.0.22621.0\shared\ntstatus.h(3432): warning C4005: 'STATUS_INTEGER_OVERFLOW': macro redefinition
  C:\Program Files (x86)\Windows Kits\10\Include\10.0.22621.0\um\winnt.h(2591): note: see previous definition of 'STATUS_INTEGER_OVERFLOW'
C:\Program Files (x86)\Windows Kits\10\Include\10.0.22621.0\shared\ntstatus.h(3442): warning C4005: 'STATUS_PRIVILEGED_INSTRUCTION': macro redefinition
  C:\Program Files (x86)\Windows Kits\10\Include\10.0.22621.0\um\winnt.h(2592): note: see previous definition of 'STATUS_PRIVILEGED_INSTRUCTION'
C:\Program Files (x86)\Windows Kits\10\Include\10.0.22621.0\shared\ntstatus.h(4388): warning C4005: 'STATUS_STACK_OVERFLOW': macro redefinition
  C:\Program Files (x86)\Windows Kits\10\Include\10.0.22621.0\um\winnt.h(2593): note: see previous definition of 'STATUS_STACK_OVERFLOW'
C:\Program Files (x86)\Windows Kits\10\Include\10.0.22621.0\shared\ntstatus.h(4905): warning C4005: 'STATUS_DLL_NOT_FOUND': macro redefinition
  C:\Program Files (x86)\Windows Kits\10\Include\10.0.22621.0\um\winnt.h(2594): note: see previous definition of 'STATUS_DLL_NOT_FOUND'
C:\Program Files (x86)\Windows Kits\10\Include\10.0.22621.0\shared\ntstatus.h(4934): warning C4005: 'STATUS_ORDINAL_NOT_FOUND': macro redefinition
  C:\Program Files (x86)\Windows Kits\10\Include\10.0.22621.0\um\winnt.h(2595): note: see previous definition of 'STATUS_ORDINAL_NOT_FOUND'
C:\Program Files (x86)\Windows Kits\10\Include\10.0.22621.0\shared\ntstatus.h(4944): warning C4005: 'STATUS_ENTRYPOINT_NOT_FOUND': macro redefinition
  C:\Program Files (x86)\Windows Kits\10\Include\10.0.22621.0\um\winnt.h(2596): note: see previous definition of 'STATUS_ENTRYPOINT_NOT_FOUND'
C:\Program Files (x86)\Windows Kits\10\Include\10.0.22621.0\shared\ntstatus.h(4954): warning C4005: 'STATUS_CONTROL_C_EXIT': macro redefinition
  C:\Program Files (x86)\Windows Kits\10\Include\10.0.22621.0\um\winnt.h(2597): note: see previous definition of 'STATUS_CONTROL_C_EXIT'
C:\Program Files (x86)\Windows Kits\10\Include\10.0.22621.0\shared\ntstatus.h(5032): warning C4005: 'STATUS_DLL_INIT_FAILED': macro redefinition
  C:\Program Files (x86)\Windows Kits\10\Include\10.0.22621.0\um\winnt.h(2598): note: see previous definition of 'STATUS_DLL_INIT_FAILED'
C:\Program Files (x86)\Windows Kits\10\Include\10.0.22621.0\shared\ntstatus.h(6029): warning C4005: 'STATUS_CONTROL_STACK_VIOLATION': macro redefinition
  C:\Program Files (x86)\Windows Kits\10\Include\10.0.22621.0\um\winnt.h(2599): note: see previous definition of 'STATUS_CONTROL_STACK_VIOLATION'
C:\Program Files (x86)\Windows Kits\10\Include\10.0.22621.0\shared\ntstatus.h(7623): warning C4005: 'STATUS_FLOAT_MULTIPLE_FAULTS': macro redefinition
  C:\Program Files (x86)\Windows Kits\10\Include\10.0.22621.0\um\winnt.h(2600): note: see previous definition of 'STATUS_FLOAT_MULTIPLE_FAULTS'
C:\Program Files (x86)\Windows Kits\10\Include\10.0.22621.0\shared\ntstatus.h(7633): warning C4005: 'STATUS_FLOAT_MULTIPLE_TRAPS': macro redefinition
  C:\Program Files (x86)\Windows Kits\10\Include\10.0.22621.0\um\winnt.h(2601): note: see previous definition of 'STATUS_FLOAT_MULTIPLE_TRAPS'
C:\Program Files (x86)\Windows Kits\10\Include\10.0.22621.0\shared\ntstatus.h(7765): warning C4005: 'STATUS_REG_NAT_CONSUMPTION': macro redefinition
  C:\Program Files (x86)\Windows Kits\10\Include\10.0.22621.0\um\winnt.h(2602): note: see previous definition of 'STATUS_REG_NAT_CONSUMPTION'
C:\Program Files (x86)\Windows Kits\10\Include\10.0.22621.0\shared\ntstatus.h(8748): warning C4005: 'STATUS_HEAP_CORRUPTION': macro redefinition
  C:\Program Files (x86)\Windows Kits\10\Include\10.0.22621.0\um\winnt.h(2603): note: see previous definition of 'STATUS_HEAP_CORRUPTION'
C:\Program Files (x86)\Windows Kits\10\Include\10.0.22621.0\shared\ntstatus.h(8976): warning C4005: 'STATUS_STACK_BUFFER_OVERRUN': macro redefinition
  C:\Program Files (x86)\Windows Kits\10\Include\10.0.22621.0\um\winnt.h(2604): note: see previous definition of 'STATUS_STACK_BUFFER_OVERRUN'
C:\Program Files (x86)\Windows Kits\10\Include\10.0.22621.0\shared\ntstatus.h(9103): warning C4005: 'STATUS_INVALID_CRUNTIME_PARAMETER': macro redefinition
  C:\Program Files (x86)\Windows Kits\10\Include\10.0.22621.0\um\winnt.h(2605): note: see previous definition of 'STATUS_INVALID_CRUNTIME_PARAMETER'
C:\Program Files (x86)\Windows Kits\10\Include\10.0.22621.0\shared\ntstatus.h(9166): warning C4005: 'STATUS_ASSERTION_FAILURE': macro redefinition
  C:\Program Files (x86)\Windows Kits\10\Include\10.0.22621.0\um\winnt.h(2606): note: see previous definition of 'STATUS_ASSERTION_FAILURE'
C:\Program Files (x86)\Windows Kits\10\Include\10.0.22621.0\shared\ntstatus.h(10075): warning C4005: 'STATUS_ENCLAVE_VIOLATION': macro redefinition
  C:\Program Files (x86)\Windows Kits\10\Include\10.0.22621.0\um\winnt.h(2607): note: see previous definition of 'STATUS_ENCLAVE_VIOLATION'
C:\Program Files (x86)\Windows Kits\10\Include\10.0.22621.0\shared\ntstatus.h(10736): warning C4005: 'STATUS_INTERRUPTED': macro redefinition
  C:\Program Files (x86)\Windows Kits\10\Include\10.0.22621.0\um\winnt.h(2608): note: see previous definition of 'STATUS_INTERRUPTED'
C:\Program Files (x86)\Windows Kits\10\Include\10.0.22621.0\shared\ntstatus.h(10745): warning C4005: 'STATUS_THREAD_NOT_RUNNING': macro redefinition
  C:\Program Files (x86)\Windows Kits\10\Include\10.0.22621.0\um\winnt.h(2609): note: see previous definition of 'STATUS_THREAD_NOT_RUNNING'
C:\Program Files (x86)\Windows Kits\10\Include\10.0.22621.0\shared\ntstatus.h(11057): warning C4005: 'STATUS_ALREADY_REGISTERED': macro redefinition
  C:\Program Files (x86)\Windows Kits\10\Include\10.0.22621.0\um\winnt.h(2610): note: see previous definition of 'STATUS_ALREADY_REGISTERED'
C:\Program Files (x86)\Windows Kits\10\Include\10.0.22621.0\shared\ntstatus.h(14976): warning C4005: 'STATUS_SXS_EARLY_DEACTIVATION': macro redefinition
  C:\Program Files (x86)\Windows Kits\10\Include\10.0.22621.0\um\winnt.h(2612): note: see previous definition of 'STATUS_SXS_EARLY_DEACTIVATION'
C:\Program Files (x86)\Windows Kits\10\Include\10.0.22621.0\shared\ntstatus.h(14985): warning C4005: 'STATUS_SXS_INVALID_DEACTIVATION': macro redefinition
  C:\Program Files (x86)\Windows Kits\10\Include\10.0.22621.0\um\winnt.h(2613): note: see previous definition of 'STATUS_SXS_INVALID_DEACTIVATION'
  	copy "x64\Release\\*.obj" "..\x64\Release\"
  x64\Release\\LocklessDownload.obj
          1 file(s) copied.
  	del /F "..\x64\Release\\*.x64.o"
  Could Not Find C:\Users\defaultuser\Desktop\BOFs\x64\Release\*.x64.o
  	ren "..\x64\Release\*.obj" "*.x64.o"
